<?xml version="1.0" encoding="UTF-8"?>
<!-- Generated by org.testng.reporters.JUnitReportReporter -->
<testsuite hostname="Meenu" failures="0" tests="2" name="testCases.CreateContacts" time="18.368" errors="0" timestamp="2023-06-28T02:07:57 IST" skipped="0">
  <testcase classname="testCases.CreateContacts" name="runCreateContacts" time="10.020"/>
  <system-out/>
  <testcase classname="testCases.CreateContacts" name="runCreateContacts" time="8.348"/>
  <system-out/>
</testsuite> <!-- testCases.CreateContacts -->
