<?xml version="1.0" encoding="UTF-8"?>
<!-- Generated by org.testng.reporters.JUnitReportReporter -->
<testsuite hostname="Meenu" failures="0" tests="1" name="testCases.CreateContacts" time="10.184" errors="0" timestamp="2023-06-27T20:55:11 IST" skipped="0">
  <testcase classname="testCases.CreateContacts" name="runCreateContacts" time="10.184"/>
  <system-out/>
</testsuite> <!-- testCases.CreateContacts -->
