<?xml version="1.0" encoding="UTF-8"?>
<!-- Generated by org.testng.reporters.JUnitReportReporter -->
<testsuite hostname="Meenu" failures="0" tests="2" name="testCases.CreateContacts" time="18.161" errors="0" timestamp="2023-06-29T00:32:39 IST" skipped="0">
  <testcase classname="testCases.CreateContacts" name="runCreateContacts" time="8.629"/>
  <system-out/>
  <testcase classname="testCases.CreateContacts" name="runCreateContacts" time="9.532"/>
  <system-out/>
</testsuite> <!-- testCases.CreateContacts -->
