<?xml version="1.0" encoding="UTF-8"?>
<!-- Generated by org.testng.reporters.JUnitReportReporter -->
<testsuite hostname="Meenu" failures="0" tests="2" name="runnerForCucumber.Runner" time="17.888" errors="0" timestamp="2023-06-30T02:24:28 IST" skipped="0">
  <testcase classname="runnerForCucumber.Runner" name="runScenario" time="8.796"/>
  <system-out/>
  <testcase classname="runnerForCucumber.Runner" name="runScenario" time="9.092"/>
  <system-out/>
</testsuite> <!-- runnerForCucumber.Runner -->
