<?xml version="1.0" encoding="UTF-8"?>
<!-- Generated by org.testng.reporters.JUnitReportReporter -->
<testsuite hostname="Meenu" failures="0" tests="1" name="testCases.VerifyLogin" time="4.607" errors="0" timestamp="2023-06-29T00:32:39 IST" skipped="0">
  <testcase classname="testCases.VerifyLogin" name="verifyLoginCRMSFAPage" time="4.607"/>
  <system-out/>
</testsuite> <!-- testCases.VerifyLogin -->
