<?xml version="1.0" encoding="UTF-8"?>
<!-- Generated by org.testng.reporters.JUnitReportReporter -->
<testsuite hostname="Meenu" failures="0" tests="1" name="utilities.ReadExcelFile" time="0.695" errors="0" timestamp="2023-06-28T01:44:04 IST" skipped="0">
  <testcase classname="utilities.ReadExcelFile" name="throwExcelData" time="0.695"/>
  <system-out/>
</testsuite> <!-- utilities.ReadExcelFile -->
