<?xml version="1.0" encoding="UTF-8"?>
<!-- Generated by org.testng.reporters.JUnitReportReporter -->
<testsuite hostname="Meenu" failures="0" tests="1" name="testCases.VerifyLogin" time="4.108" errors="0" timestamp="2023-07-07T01:18:13 IST" skipped="0">
  <testcase classname="testCases.VerifyLogin" name="verifyLoginCRMSFAPage" time="4.108"/>
  <system-out/>
</testsuite> <!-- testCases.VerifyLogin -->
