<?xml version="1.0" encoding="UTF-8"?>
<!-- Generated by org.testng.reporters.JUnitReportReporter -->
<testsuite hostname="Meenu" failures="0" tests="1" name="testCases.VerifyLogin" time="4.053" errors="0" timestamp="2023-07-03T18:15:44 IST" skipped="0">
  <testcase classname="testCases.VerifyLogin" name="verifyLoginCRMSFAPage" time="4.053"/>
  <system-out/>
</testsuite> <!-- testCases.VerifyLogin -->
