<?xml version="1.0" encoding="UTF-8"?>
<!-- Generated by org.testng.reporters.JUnitReportReporter -->
<testsuite hostname="Meenu" failures="0" tests="2" name="runnerForCucumber.Runner" time="17.125" errors="0" timestamp="2023-07-04T23:59:01 IST" skipped="0">
  <testcase classname="runnerForCucumber.Runner" name="runScenario" time="8.242"/>
  <system-out/>
  <testcase classname="runnerForCucumber.Runner" name="runScenario" time="8.883"/>
  <system-out/>
</testsuite> <!-- runnerForCucumber.Runner -->
