<?xml version="1.0" encoding="UTF-8"?>
<!-- Generated by org.testng.reporters.JUnitReportReporter -->
<testsuite hostname="Meenu" failures="0" tests="1" name="baseClass.ReadProperties" time="0.023" errors="0" timestamp="2023-07-04T17:03:45 IST" skipped="0">
  <testcase classname="baseClass.ReadProperties" name="ReadDataProp" time="0.023"/>
  <system-out/>
</testsuite> <!-- baseClass.ReadProperties -->
