<?xml version="1.0" encoding="UTF-8"?>
<!-- Generated by org.testng.reporters.JUnitReportReporter -->
<testsuite hostname="Meenu" failures="0" tests="2" name="testCases.CreateContacts" time="17.308" errors="0" timestamp="2023-07-05T00:00:28 IST" skipped="0">
  <testcase classname="testCases.CreateContacts" name="runCreateContacts" time="8.003"/>
  <system-out/>
  <testcase classname="testCases.CreateContacts" name="runCreateContacts" time="9.305"/>
  <system-out/>
</testsuite> <!-- testCases.CreateContacts -->
